[0.007s] Invoking command in '/home/ethan/ws_livox/build/livox_ros_driver2': CMAKE_PREFIX_PATH=/opt/ros/foxy CONDA_PROMPT_MODIFIER=(yolov5) /usr/local/bin/cmake /home/ethan/ws_livox/src/livox_ros_driver2 -DROS_EDITION=ROS2 -DHUMBLE_ROS= -DCMAKE_INSTALL_PREFIX=/home/ethan/ws_livox/install/livox_ros_driver2
[0.037s] -- The C compiler identification is GNU 9.4.0
[0.073s] -- The CXX compiler identification is GNU 9.4.0
[0.080s] -- Detecting C compiler ABI info
[0.130s] -- Detecting C compiler ABI info - done
[0.140s] -- Check for working C compiler: /usr/bin/cc - skipped
[0.140s] -- Detecting C compile features
[0.140s] -- Detecting C compile features - done
[0.142s] -- Detecting CXX compiler ABI info
[0.186s] -- Detecting CXX compiler ABI info - done
[0.196s] -- Check for working CXX compiler: /usr/bin/c++ - skipped
[0.196s] -- Detecting CXX compile features
[0.196s] -- Detecting CXX compile features - done
[0.197s] -- livox_ros_driver2 version: 1.0.0
[0.197s] -- Found ament_cmake_auto: 0.9.12 (/opt/ros/foxy/share/ament_cmake_auto/cmake)
[0.200s] [33mCMake Warning (dev) at /opt/ros/foxy/share/ament_cmake_core/cmake/core/python.cmake:22 (find_package):
[0.200s]   Policy CMP0148 is not set: The FindPythonInterp and FindPythonLibs modules
[0.200s]   are removed.  Run "cmake --help-policy CMP0148" for policy details.  Use
[0.200s]   the cmake_policy command to set the policy and suppress this warning.
[0.200s] 
[0.201s] Call Stack (most recent call first):
[0.201s]   /opt/ros/foxy/share/ament_cmake_core/cmake/core/all.cmake:53 (include)
[0.201s]   /opt/ros/foxy/share/ament_cmake_core/cmake/ament_cmake_core-extras.cmake:17 (include)
[0.201s]   /opt/ros/foxy/share/ament_cmake_core/cmake/ament_cmake_coreConfig.cmake:41 (include)
[0.201s]   /opt/ros/foxy/share/ament_cmake/cmake/ament_cmake_export_dependencies-extras.cmake:15 (find_package)
[0.201s]   /opt/ros/foxy/share/ament_cmake/cmake/ament_cmakeConfig.cmake:41 (include)
[0.201s]   /opt/ros/foxy/share/ament_cmake_auto/cmake/ament_cmake_auto-extras.cmake:17 (find_package)
[0.201s]   /opt/ros/foxy/share/ament_cmake_auto/cmake/ament_cmake_autoConfig.cmake:41 (include)
[0.201s]   CMakeLists.txt:224 (find_package)
[0.201s] This warning is for project developers.  Use -Wno-dev to suppress it.
[0.201s] [0m
[0.209s] -- Found PythonInterp: /home/ethan/anaconda3/envs/yolov5/bin/python3 (found suitable version "3.11.9", minimum required is "3")
[0.209s] -- Using PYTHON_EXECUTABLE: /home/ethan/anaconda3/envs/yolov5/bin/python3
[0.353s] -- Using all available rosidl_typesupport_c: rosidl_typesupport_fastrtps_c;rosidl_typesupport_introspection_c
[0.357s] -- Found rosidl_adapter: 1.3.1 (/opt/ros/foxy/share/rosidl_adapter/cmake)
[0.405s] -- Found OpenSSL: /usr/lib/x86_64-linux-gnu/libcrypto.so (found version "1.1.1f")
[0.422s] -- Found FastRTPS: /opt/ros/foxy/include
[0.466s] -- Using all available rosidl_typesupport_cpp: rosidl_typesupport_fastrtps_cpp;rosidl_typesupport_introspection_cpp
[0.510s] -- Found rmw_implementation_cmake: 1.0.4 (/opt/ros/foxy/share/rmw_implementation_cmake/cmake)
[0.511s] -- Using RMW implementation 'rmw_fastrtps_cpp' as default
[0.512s] -- Performing Test CMAKE_HAVE_LIBC_PTHREAD
[0.553s] -- Performing Test CMAKE_HAVE_LIBC_PTHREAD - Failed
[0.553s] -- Looking for pthread_create in pthreads
[0.587s] -- Looking for pthread_create in pthreads - not found
[0.587s] -- Looking for pthread_create in pthread
[0.658s] -- Looking for pthread_create in pthread - found
[0.658s] -- Found Threads: TRUE
[0.949s] [33mCMake Warning (dev) at /usr/lib/x86_64-linux-gnu/cmake/pcl/PCLConfig.cmake:152 (find_package):
[0.950s]   Policy CMP0144 is not set: find_package uses upper-case <PACKAGENAME>_ROOT
[0.950s]   variables.  Run "cmake --help-policy CMP0144" for policy details.  Use the
[0.950s]   cmake_policy command to set the policy and suppress this warning.
[0.950s] 
[0.950s]   CMake variable EIGEN_ROOT is set to:
[0.950s] 
[0.950s]     /usr/include/eigen3
[0.950s] 
[0.950s]   For compatibility, find_package is ignoring the variable, but code in a
[0.950s]   .cmake module might still use it.
[0.950s] Call Stack (most recent call first):
[0.950s]   /usr/lib/x86_64-linux-gnu/cmake/pcl/PCLConfig.cmake:316 (find_eigen)
[0.950s]   /usr/lib/x86_64-linux-gnu/cmake/pcl/PCLConfig.cmake:551 (find_external_library)
[0.950s]   CMakeLists.txt:226 (find_package)
[0.950s] This warning is for project developers.  Use -Wno-dev to suppress it.
[0.950s] [0m
[0.952s] -- Checking for module 'eigen3'
[0.959s] --   Found eigen3, version 3.3.7
[0.975s] -- Found Eigen: /usr/include/eigen3 (Required is at least version "3.1")
[0.975s] -- Eigen found (include: /usr/include/eigen3, version: 3.3.7)
[1.004s] -- Found Boost: /usr/include (found suitable version "1.71.0", minimum required is "1.55.0") found components: system filesystem date_time iostreams regex
[1.004s] [33mCMake Warning (dev) at /usr/lib/x86_64-linux-gnu/cmake/pcl/Modules/FindFLANN.cmake:44 (find_package):
[1.004s]   Policy CMP0144 is not set: find_package uses upper-case <PACKAGENAME>_ROOT
[1.004s]   variables.  Run "cmake --help-policy CMP0144" for policy details.  Use the
[1.005s]   cmake_policy command to set the policy and suppress this warning.
[1.005s] 
[1.005s]   CMake variable FLANN_ROOT is set to:
[1.005s] 
[1.005s]     /usr
[1.005s] 
[1.005s]   For compatibility, find_package is ignoring the variable, but code in a
[1.005s]   .cmake module might still use it.
[1.005s] Call Stack (most recent call first):
[1.005s]   /usr/lib/x86_64-linux-gnu/cmake/pcl/PCLConfig.cmake:263 (find_package)
[1.005s]   /usr/lib/x86_64-linux-gnu/cmake/pcl/PCLConfig.cmake:318 (find_flann)
[1.005s]   /usr/lib/x86_64-linux-gnu/cmake/pcl/PCLConfig.cmake:551 (find_external_library)
[1.005s]   CMakeLists.txt:226 (find_package)
[1.005s] This warning is for project developers.  Use -Wno-dev to suppress it.
[1.005s] [0m
[1.013s] -- Checking for module 'flann'
[1.020s] --   Found flann, version 1.9.1
[1.038s] -- Found FLANN: /usr/lib/x86_64-linux-gnu/libflann_cpp.so
[1.063s] -- The imported target "vtkParseOGLExt" references the file
[1.063s]    "/usr/bin/vtkParseOGLExt-7.1"
[1.063s] but this file does not exist.  Possible reasons include:
[1.063s] * The file was deleted, renamed, or moved to another location.
[1.063s] * An install or uninstall procedure did not complete successfully.
[1.063s] * The installation package was faulty and contained
[1.063s]    "/usr/lib/cmake/vtk-7.1/VTKTargets.cmake"
[1.063s] but not all the files it references.
[1.063s] 
[1.063s] -- The imported target "vtkRenderingPythonTkWidgets" references the file
[1.063s]    "/usr/lib/x86_64-linux-gnu/libvtkRenderingPythonTkWidgets.so"
[1.063s] but this file does not exist.  Possible reasons include:
[1.063s] * The file was deleted, renamed, or moved to another location.
[1.063s] * An install or uninstall procedure did not complete successfully.
[1.063s] * The installation package was faulty and contained
[1.063s]    "/usr/lib/cmake/vtk-7.1/VTKTargets.cmake"
[1.063s] but not all the files it references.
[1.063s] 
[1.064s] -- The imported target "vtk" references the file
[1.064s]    "/usr/bin/vtk"
[1.064s] but this file does not exist.  Possible reasons include:
[1.064s] * The file was deleted, renamed, or moved to another location.
[1.064s] * An install or uninstall procedure did not complete successfully.
[1.064s] * The installation package was faulty and contained
[1.064s]    "/usr/lib/cmake/vtk-7.1/VTKTargets.cmake"
[1.064s] but not all the files it references.
[1.064s] 
[1.064s] -- The imported target "pvtk" references the file
[1.064s]    "/usr/bin/pvtk"
[1.064s] but this file does not exist.  Possible reasons include:
[1.064s] * The file was deleted, renamed, or moved to another location.
[1.064s] * An install or uninstall procedure did not complete successfully.
[1.064s] * The installation package was faulty and contained
[1.064s]    "/usr/lib/cmake/vtk-7.1/VTKTargets.cmake"
[1.064s] but not all the files it references.
[1.064s] 
[1.072s] -- Checking for module 'libusb-1.0'
[1.080s] --   Found libusb-1.0, version 1.0.23
[1.097s] [33mCMake Warning (dev) at /usr/local/share/cmake-3.29/Modules/FindPackageHandleStandardArgs.cmake:438 (message):
[1.097s]   The package name passed to `find_package_handle_standard_args` (USB_10)
[1.097s]   does not match the name of the calling package (OpenNI).  This can lead to
[1.097s]   problems in calling code that expects `find_package` result variables
[1.097s]   (e.g., `_FOUND`) to follow a certain pattern.
[1.097s] Call Stack (most recent call first):
[1.097s]   /usr/lib/x86_64-linux-gnu/cmake/pcl/Modules/FindOpenNI.cmake:28 (find_package_handle_standard_args)
[1.097s]   /usr/lib/x86_64-linux-gnu/cmake/pcl/PCLConfig.cmake:179 (find_package)
[1.097s]   /usr/lib/x86_64-linux-gnu/cmake/pcl/PCLConfig.cmake:322 (find_openni)
[1.097s]   /usr/lib/x86_64-linux-gnu/cmake/pcl/PCLConfig.cmake:548 (find_external_library)
[1.097s]   CMakeLists.txt:226 (find_package)
[1.097s] This warning is for project developers.  Use -Wno-dev to suppress it.
[1.097s] [0m
[1.097s] -- Found USB_10: /usr/lib/x86_64-linux-gnu/libusb-1.0.so
[1.127s] -- Found OpenNI: /usr/lib/libOpenNI.so
[1.127s] -- OpenNI found (include: /usr/include/ni, lib: /usr/lib/libOpenNI.so)
[1.130s] [33mCMake Warning (dev) at /usr/local/share/cmake-3.29/Modules/FindPackageHandleStandardArgs.cmake:438 (message):
[1.130s]   The package name passed to `find_package_handle_standard_args` (USB_10)
[1.130s]   does not match the name of the calling package (OpenNI2).  This can lead to
[1.130s]   problems in calling code that expects `find_package` result variables
[1.130s]   (e.g., `_FOUND`) to follow a certain pattern.
[1.131s] Call Stack (most recent call first):
[1.131s]   /usr/lib/x86_64-linux-gnu/cmake/pcl/Modules/FindOpenNI2.cmake:28 (find_package_handle_standard_args)
[1.131s]   /usr/lib/x86_64-linux-gnu/cmake/pcl/PCLConfig.cmake:193 (find_package)
[1.131s]   /usr/lib/x86_64-linux-gnu/cmake/pcl/PCLConfig.cmake:324 (find_openni2)
[1.131s]   /usr/lib/x86_64-linux-gnu/cmake/pcl/PCLConfig.cmake:548 (find_external_library)
[1.131s]   CMakeLists.txt:226 (find_package)
[1.131s] This warning is for project developers.  Use -Wno-dev to suppress it.
[1.131s] [0m
[1.162s] -- Found OpenNI2: /usr/lib/libOpenNI2.so
[1.163s] -- OpenNI2 found (include: /usr/include/openni2, lib: /usr/lib/libOpenNI2.so)
[1.163s] [0m** WARNING ** io features related to pcap will be disabled[0m
[1.163s] [0m** WARNING ** io features related to png will be disabled[0m
[1.170s] [33mCMake Warning (dev) at /usr/local/share/cmake-3.29/Modules/FindPackageHandleStandardArgs.cmake:438 (message):
[1.170s]   The package name passed to `find_package_handle_standard_args` (libusb-1.0)
[1.170s]   does not match the name of the calling package (PCL).  This can lead to
[1.170s]   problems in calling code that expects `find_package` result variables
[1.170s]   (e.g., `_FOUND`) to follow a certain pattern.
[1.170s] Call Stack (most recent call first):
[1.170s]   /usr/lib/x86_64-linux-gnu/cmake/pcl/PCLConfig.cmake:291 (find_package_handle_standard_args)
[1.170s]   /usr/lib/x86_64-linux-gnu/cmake/pcl/PCLConfig.cmake:338 (find_libusb)
[1.170s]   /usr/lib/x86_64-linux-gnu/cmake/pcl/PCLConfig.cmake:548 (find_external_library)
[1.170s]   CMakeLists.txt:226 (find_package)
[1.171s] This warning is for project developers.  Use -Wno-dev to suppress it.
[1.171s] [0m
[1.171s] [0m** WARNING ** io features related to libusb-1.0 will be disabled[0m
[1.171s] -- Found libusb-1.0: /usr/include
[1.174s] [33mCMake Warning (dev) at /usr/local/share/cmake-3.29/Modules/FindPackageHandleStandardArgs.cmake:438 (message):
[1.174s]   The package name passed to `find_package_handle_standard_args` (USB_10)
[1.174s]   does not match the name of the calling package (OpenNI).  This can lead to
[1.174s]   problems in calling code that expects `find_package` result variables
[1.174s]   (e.g., `_FOUND`) to follow a certain pattern.
[1.174s] Call Stack (most recent call first):
[1.174s]   /usr/lib/x86_64-linux-gnu/cmake/pcl/Modules/FindOpenNI.cmake:28 (find_package_handle_standard_args)
[1.174s]   /usr/lib/x86_64-linux-gnu/cmake/pcl/PCLConfig.cmake:179 (find_package)
[1.174s]   /usr/lib/x86_64-linux-gnu/cmake/pcl/PCLConfig.cmake:322 (find_openni)
[1.174s]   /usr/lib/x86_64-linux-gnu/cmake/pcl/PCLConfig.cmake:548 (find_external_library)
[1.174s]   CMakeLists.txt:226 (find_package)
[1.174s] This warning is for project developers.  Use -Wno-dev to suppress it.
[1.174s] [0m
[1.174s] -- OpenNI found (include: /usr/include/ni, lib: /usr/lib/libOpenNI.so)
[1.177s] [33mCMake Warning (dev) at /usr/local/share/cmake-3.29/Modules/FindPackageHandleStandardArgs.cmake:438 (message):
[1.178s]   The package name passed to `find_package_handle_standard_args` (USB_10)
[1.178s]   does not match the name of the calling package (OpenNI2).  This can lead to
[1.178s]   problems in calling code that expects `find_package` result variables
[1.178s]   (e.g., `_FOUND`) to follow a certain pattern.
[1.178s] Call Stack (most recent call first):
[1.178s]   /usr/lib/x86_64-linux-gnu/cmake/pcl/Modules/FindOpenNI2.cmake:28 (find_package_handle_standard_args)
[1.178s]   /usr/lib/x86_64-linux-gnu/cmake/pcl/PCLConfig.cmake:193 (find_package)
[1.178s]   /usr/lib/x86_64-linux-gnu/cmake/pcl/PCLConfig.cmake:324 (find_openni2)
[1.178s]   /usr/lib/x86_64-linux-gnu/cmake/pcl/PCLConfig.cmake:548 (find_external_library)
[1.178s]   CMakeLists.txt:226 (find_package)
[1.178s] This warning is for project developers.  Use -Wno-dev to suppress it.
[1.178s] [0m
[1.178s] -- OpenNI2 found (include: /usr/include/openni2, lib: /usr/lib/libOpenNI2.so)
[1.184s] [33mCMake Warning (dev) at /usr/lib/x86_64-linux-gnu/cmake/pcl/PCLConfig.cmake:165 (find_package):
[1.184s]   Policy CMP0144 is not set: find_package uses upper-case <PACKAGENAME>_ROOT
[1.184s]   variables.  Run "cmake --help-policy CMP0144" for policy details.  Use the
[1.184s]   cmake_policy command to set the policy and suppress this warning.
[1.184s] 
[1.184s]   CMake variable QHULL_ROOT is set to:
[1.184s] 
[1.184s]     /usr
[1.184s] 
[1.185s]   For compatibility, find_package is ignoring the variable, but code in a
[1.185s]   .cmake module might still use it.
[1.185s] Call Stack (most recent call first):
[1.185s]   /usr/lib/x86_64-linux-gnu/cmake/pcl/PCLConfig.cmake:320 (find_qhull)
[1.185s]   /usr/lib/x86_64-linux-gnu/cmake/pcl/PCLConfig.cmake:548 (find_external_library)
[1.185s]   CMakeLists.txt:226 (find_package)
[1.185s] This warning is for project developers.  Use -Wno-dev to suppress it.
[1.185s] [0m
[1.194s] -- Found Qhull: optimized;/usr/lib/x86_64-linux-gnu/libqhull.so;debug;/usr/lib/x86_64-linux-gnu/libqhull.so
[1.194s] -- QHULL found (include: /usr/include, lib: optimized;/usr/lib/x86_64-linux-gnu/libqhull.so;debug;/usr/lib/x86_64-linux-gnu/libqhull.so)
[1.197s] [33mCMake Warning (dev) at /usr/local/share/cmake-3.29/Modules/FindPackageHandleStandardArgs.cmake:438 (message):
[1.197s]   The package name passed to `find_package_handle_standard_args` (USB_10)
[1.197s]   does not match the name of the calling package (OpenNI).  This can lead to
[1.197s]   problems in calling code that expects `find_package` result variables
[1.197s]   (e.g., `_FOUND`) to follow a certain pattern.
[1.197s] Call Stack (most recent call first):
[1.197s]   /usr/lib/x86_64-linux-gnu/cmake/pcl/Modules/FindOpenNI.cmake:28 (find_package_handle_standard_args)
[1.197s]   /usr/lib/x86_64-linux-gnu/cmake/pcl/PCLConfig.cmake:179 (find_package)
[1.197s]   /usr/lib/x86_64-linux-gnu/cmake/pcl/PCLConfig.cmake:322 (find_openni)
[1.197s]   /usr/lib/x86_64-linux-gnu/cmake/pcl/PCLConfig.cmake:548 (find_external_library)
[1.197s]   CMakeLists.txt:226 (find_package)
[1.197s] This warning is for project developers.  Use -Wno-dev to suppress it.
[1.197s] [0m
[1.198s] -- OpenNI found (include: /usr/include/ni, lib: /usr/lib/libOpenNI.so)
[1.204s] -- looking for PCL_COMMON
[1.204s] -- Found PCL_COMMON: /usr/lib/x86_64-linux-gnu/libpcl_common.so
[1.205s] -- looking for PCL_KDTREE
[1.205s] [33mCMake Warning (dev) at /usr/local/share/cmake-3.29/Modules/FindPackageHandleStandardArgs.cmake:438 (message):
[1.205s]   The package name passed to `find_package_handle_standard_args` (PCL_COMMON)
[1.205s]   does not match the name of the calling package (PCL).  This can lead to
[1.205s]   problems in calling code that expects `find_package` result variables
[1.205s]   (e.g., `_FOUND`) to follow a certain pattern.
[1.205s] Call Stack (most recent call first):
[1.205s]   /usr/lib/x86_64-linux-gnu/cmake/pcl/PCLConfig.cmake:616 (find_package_handle_standard_args)
[1.205s]   CMakeLists.txt:226 (find_package)
[1.205s] This warning is for project developers.  Use -Wno-dev to suppress it.
[1.205s] [0m
[1.205s] -- Found PCL_KDTREE: /usr/lib/x86_64-linux-gnu/libpcl_kdtree.so
[1.206s] -- looking for PCL_OCTREE
[1.206s] [33mCMake Warning (dev) at /usr/local/share/cmake-3.29/Modules/FindPackageHandleStandardArgs.cmake:438 (message):
[1.206s]   The package name passed to `find_package_handle_standard_args` (PCL_KDTREE)
[1.206s]   does not match the name of the calling package (PCL).  This can lead to
[1.206s]   problems in calling code that expects `find_package` result variables
[1.206s]   (e.g., `_FOUND`) to follow a certain pattern.
[1.206s] Call Stack (most recent call first):
[1.206s]   /usr/lib/x86_64-linux-gnu/cmake/pcl/PCLConfig.cmake:616 (find_package_handle_standard_args)
[1.206s]   CMakeLists.txt:226 (find_package)
[1.206s] This warning is for project developers.  Use -Wno-dev to suppress it.
[1.206s] [0m
[1.206s] -- Found PCL_OCTREE: /usr/lib/x86_64-linux-gnu/libpcl_octree.so
[1.206s] [33mCMake Warning (dev) at /usr/local/share/cmake-3.29/Modules/FindPackageHandleStandardArgs.cmake:438 (message):
[1.206s]   The package name passed to `find_package_handle_standard_args` (PCL_OCTREE)
[1.206s]   does not match the name of the calling package (PCL).  This can lead to
[1.206s]   problems in calling code that expects `find_package` result variables
[1.206s]   (e.g., `_FOUND`) to follow a certain pattern.
[1.206s] Call Stack (most recent call first):
[1.206s]   /usr/lib/x86_64-linux-gnu/cmake/pcl/PCLConfig.cmake:616 (find_package_handle_standard_args)
[1.207s]   CMakeLists.txt:226 (find_package)
[1.207s] This warning is for project developers.  Use -Wno-dev to suppress it.
[1.207s] [0m
[1.207s] -- looking for PCL_SEARCH
[1.207s] [33mCMake Warning (dev) at /usr/local/share/cmake-3.29/Modules/FindPackageHandleStandardArgs.cmake:438 (message):
[1.207s]   The package name passed to `find_package_handle_standard_args` (PCL_SEARCH)
[1.207s]   does not match the name of the calling package (PCL).  This can lead to
[1.207s]   problems in calling code that expects `find_package` result variables
[1.207s]   (e.g., `_FOUND`) to follow a certain pattern.
[1.207s] Call Stack (most recent call first):
[1.207s]   /usr/lib/x86_64-linux-gnu/cmake/pcl/PCLConfig.cmake:616 (find_package_handle_standard_args)
[1.207s]   CMakeLists.txt:226 (find_package)
[1.207s] This warning is for project developers.  Use -Wno-dev to suppress it.
[1.207s] [0m
[1.207s] -- Found PCL_SEARCH: /usr/lib/x86_64-linux-gnu/libpcl_search.so
[1.207s] -- looking for PCL_SAMPLE_CONSENSUS
[1.208s] -- Found PCL_SAMPLE_CONSENSUS: /usr/lib/x86_64-linux-gnu/libpcl_sample_consensus.so
[1.208s] [33mCMake Warning (dev) at /usr/local/share/cmake-3.29/Modules/FindPackageHandleStandardArgs.cmake:438 (message):
[1.208s]   The package name passed to `find_package_handle_standard_args`
[1.208s]   (PCL_SAMPLE_CONSENSUS) does not match the name of the calling package
[1.208s]   (PCL).  This can lead to problems in calling code that expects
[1.208s]   `find_package` result variables (e.g., `_FOUND`) to follow a certain
[1.208s]   pattern.
[1.208s] Call Stack (most recent call first):
[1.208s]   /usr/lib/x86_64-linux-gnu/cmake/pcl/PCLConfig.cmake:616 (find_package_handle_standard_args)
[1.208s]   CMakeLists.txt:226 (find_package)
[1.208s] This warning is for project developers.  Use -Wno-dev to suppress it.
[1.208s] [0m
[1.208s] -- looking for PCL_FILTERS
[1.209s] -- Found PCL_FILTERS: /usr/lib/x86_64-linux-gnu/libpcl_filters.so
[1.209s] -- looking for PCL_2D
[1.209s] [33mCMake Warning (dev) at /usr/local/share/cmake-3.29/Modules/FindPackageHandleStandardArgs.cmake:438 (message):
[1.209s]   The package name passed to `find_package_handle_standard_args`
[1.209s]   (PCL_FILTERS) does not match the name of the calling package (PCL).  This
[1.209s]   can lead to problems in calling code that expects `find_package` result
[1.209s]   variables (e.g., `_FOUND`) to follow a certain pattern.
[1.209s] Call Stack (most recent call first):
[1.209s]   /usr/lib/x86_64-linux-gnu/cmake/pcl/PCLConfig.cmake:616 (find_package_handle_standard_args)
[1.209s]   CMakeLists.txt:226 (find_package)
[1.209s] This warning is for project developers.  Use -Wno-dev to suppress it.
[1.209s] [0m
[1.210s] -- Found PCL_2D: /usr/include/pcl-1.10
[1.210s] [33mCMake Warning (dev) at /usr/local/share/cmake-3.29/Modules/FindPackageHandleStandardArgs.cmake:438 (message):
[1.210s]   The package name passed to `find_package_handle_standard_args` (PCL_2D)
[1.210s]   does not match the name of the calling package (PCL).  This can lead to
[1.210s]   problems in calling code that expects `find_package` result variables
[1.210s]   (e.g., `_FOUND`) to follow a certain pattern.
[1.210s] Call Stack (most recent call first):
[1.210s]   /usr/lib/x86_64-linux-gnu/cmake/pcl/PCLConfig.cmake:619 (find_package_handle_standard_args)
[1.210s]   CMakeLists.txt:226 (find_package)
[1.210s] This warning is for project developers.  Use -Wno-dev to suppress it.
[1.210s] [0m
[1.210s] -- looking for PCL_GEOMETRY
[1.210s] -- Found PCL_GEOMETRY: /usr/include/pcl-1.10
[1.210s] [33mCMake Warning (dev) at /usr/local/share/cmake-3.29/Modules/FindPackageHandleStandardArgs.cmake:438 (message):
[1.210s]   The package name passed to `find_package_handle_standard_args`
[1.210s]   (PCL_GEOMETRY) does not match the name of the calling package (PCL).  This
[1.210s]   can lead to problems in calling code that expects `find_package` result
[1.210s]   variables (e.g., `_FOUND`) to follow a certain pattern.
[1.210s] Call Stack (most recent call first):
[1.210s]   /usr/lib/x86_64-linux-gnu/cmake/pcl/PCLConfig.cmake:619 (find_package_handle_standard_args)
[1.210s]   CMakeLists.txt:226 (find_package)
[1.210s] This warning is for project developers.  Use -Wno-dev to suppress it.
[1.210s] [0m
[1.210s] -- looking for PCL_IO
[1.210s] [33mCMake Warning (dev) at /usr/local/share/cmake-3.29/Modules/FindPackageHandleStandardArgs.cmake:438 (message):
[1.211s]   The package name passed to `find_package_handle_standard_args` (PCL_IO)
[1.211s]   does not match the name of the calling package (PCL).  This can lead to
[1.211s]   problems in calling code that expects `find_package` result variables
[1.211s]   (e.g., `_FOUND`) to follow a certain pattern.
[1.211s] Call Stack (most recent call first):
[1.211s]   /usr/lib/x86_64-linux-gnu/cmake/pcl/PCLConfig.cmake:616 (find_package_handle_standard_args)
[1.211s]   CMakeLists.txt:226 (find_package)
[1.211s] This warning is for project developers.  Use -Wno-dev to suppress it.
[1.211s] [0m
[1.211s] -- Found PCL_IO: /usr/lib/x86_64-linux-gnu/libpcl_io.so
[1.211s] -- looking for PCL_FEATURES
[1.211s] [33mCMake Warning (dev) at /usr/local/share/cmake-3.29/Modules/FindPackageHandleStandardArgs.cmake:438 (message):
[1.211s]   The package name passed to `find_package_handle_standard_args`
[1.211s]   (PCL_FEATURES) does not match the name of the calling package (PCL).  This
[1.211s]   can lead to problems in calling code that expects `find_package` result
[1.211s]   variables (e.g., `_FOUND`) to follow a certain pattern.
[1.211s] Call Stack (most recent call first):
[1.211s]   /usr/lib/x86_64-linux-gnu/cmake/pcl/PCLConfig.cmake:616 (find_package_handle_standard_args)
[1.211s]   CMakeLists.txt:226 (find_package)
[1.211s] This warning is for project developers.  Use -Wno-dev to suppress it.
[1.211s] [0m
[1.211s] -- Found PCL_FEATURES: /usr/lib/x86_64-linux-gnu/libpcl_features.so
[1.211s] -- looking for PCL_ML
[1.212s] [33mCMake Warning (dev) at /usr/local/share/cmake-3.29/Modules/FindPackageHandleStandardArgs.cmake:438 (message):
[1.212s]   The package name passed to `find_package_handle_standard_args` (PCL_ML)
[1.212s]   does not match the name of the calling package (PCL).  This can lead to
[1.212s]   problems in calling code that expects `find_package` result variables
[1.212s]   (e.g., `_FOUND`) to follow a certain pattern.
[1.212s] Call Stack (most recent call first):
[1.212s]   /usr/lib/x86_64-linux-gnu/cmake/pcl/PCLConfig.cmake:616 (find_package_handle_standard_args)
[1.212s]   CMakeLists.txt:226 (find_package)
[1.212s] This warning is for project developers.  Use -Wno-dev to suppress it.
[1.212s] [0m
[1.212s] -- Found PCL_ML: /usr/lib/x86_64-linux-gnu/libpcl_ml.so
[1.212s] -- looking for PCL_SEGMENTATION
[1.213s] [33mCMake Warning (dev) at /usr/local/share/cmake-3.29/Modules/FindPackageHandleStandardArgs.cmake:438 (message):
[1.213s]   The package name passed to `find_package_handle_standard_args`
[1.213s]   (PCL_SEGMENTATION) does not match the name of the calling package (PCL).
[1.213s]   This can lead to problems in calling code that expects `find_package`
[1.213s]   result variables (e.g., `_FOUND`) to follow a certain pattern.
[1.213s] Call Stack (most recent call first):
[1.213s]   /usr/lib/x86_64-linux-gnu/cmake/pcl/PCLConfig.cmake:616 (find_package_handle_standard_args)
[1.213s]   CMakeLists.txt:226 (find_package)
[1.213s] This warning is for project developers.  Use -Wno-dev to suppress it.
[1.213s] [0m
[1.213s] -- Found PCL_SEGMENTATION: /usr/lib/x86_64-linux-gnu/libpcl_segmentation.so
[1.213s] -- looking for PCL_VISUALIZATION
[1.214s] [33mCMake Warning (dev) at /usr/local/share/cmake-3.29/Modules/FindPackageHandleStandardArgs.cmake:438 (message):
[1.214s]   The package name passed to `find_package_handle_standard_args`
[1.214s]   (PCL_VISUALIZATION) does not match the name of the calling package (PCL).
[1.214s]   This can lead to problems in calling code that expects `find_package`
[1.214s]   result variables (e.g., `_FOUND`) to follow a certain pattern.
[1.214s] Call Stack (most recent call first):
[1.214s]   /usr/lib/x86_64-linux-gnu/cmake/pcl/PCLConfig.cmake:616 (find_package_handle_standard_args)
[1.214s]   CMakeLists.txt:226 (find_package)
[1.214s] This warning is for project developers.  Use -Wno-dev to suppress it.
[1.214s] [0m
[1.214s] -- Found PCL_VISUALIZATION: /usr/lib/x86_64-linux-gnu/libpcl_visualization.so
[1.214s] -- looking for PCL_SURFACE
[1.215s] [33mCMake Warning (dev) at /usr/local/share/cmake-3.29/Modules/FindPackageHandleStandardArgs.cmake:438 (message):
[1.215s]   The package name passed to `find_package_handle_standard_args`
[1.215s]   (PCL_SURFACE) does not match the name of the calling package (PCL).  This
[1.215s]   can lead to problems in calling code that expects `find_package` result
[1.215s]   variables (e.g., `_FOUND`) to follow a certain pattern.
[1.215s] Call Stack (most recent call first):
[1.215s]   /usr/lib/x86_64-linux-gnu/cmake/pcl/PCLConfig.cmake:616 (find_package_handle_standard_args)
[1.215s]   CMakeLists.txt:226 (find_package)
[1.215s] This warning is for project developers.  Use -Wno-dev to suppress it.
[1.215s] [0m
[1.215s] -- Found PCL_SURFACE: /usr/lib/x86_64-linux-gnu/libpcl_surface.so
[1.215s] -- looking for PCL_REGISTRATION
[1.216s] [33mCMake Warning (dev) at /usr/local/share/cmake-3.29/Modules/FindPackageHandleStandardArgs.cmake:438 (message):
[1.216s]   The package name passed to `find_package_handle_standard_args`
[1.216s]   (PCL_REGISTRATION) does not match the name of the calling package (PCL).
[1.216s]   This can lead to problems in calling code that expects `find_package`
[1.216s]   result variables (e.g., `_FOUND`) to follow a certain pattern.
[1.216s] Call Stack (most recent call first):
[1.216s]   /usr/lib/x86_64-linux-gnu/cmake/pcl/PCLConfig.cmake:616 (find_package_handle_standard_args)
[1.216s]   CMakeLists.txt:226 (find_package)
[1.216s] This warning is for project developers.  Use -Wno-dev to suppress it.
[1.216s] [0m
[1.216s] -- Found PCL_REGISTRATION: /usr/lib/x86_64-linux-gnu/libpcl_registration.so
[1.216s] -- looking for PCL_KEYPOINTS
[1.216s] [33mCMake Warning (dev) at /usr/local/share/cmake-3.29/Modules/FindPackageHandleStandardArgs.cmake:438 (message):
[1.217s]   The package name passed to `find_package_handle_standard_args`
[1.217s]   (PCL_KEYPOINTS) does not match the name of the calling package (PCL).  This
[1.217s]   can lead to problems in calling code that expects `find_package` result
[1.217s]   variables (e.g., `_FOUND`) to follow a certain pattern.
[1.217s] Call Stack (most recent call first):
[1.217s]   /usr/lib/x86_64-linux-gnu/cmake/pcl/PCLConfig.cmake:616 (find_package_handle_standard_args)
[1.217s]   CMakeLists.txt:226 (find_package)
[1.217s] This warning is for project developers.  Use -Wno-dev to suppress it.
[1.217s] [0m
[1.217s] -- Found PCL_KEYPOINTS: /usr/lib/x86_64-linux-gnu/libpcl_keypoints.so
[1.217s] -- looking for PCL_TRACKING
[1.218s] -- Found PCL_TRACKING: /usr/lib/x86_64-linux-gnu/libpcl_tracking.so
[1.218s] [33mCMake Warning (dev) at /usr/local/share/cmake-3.29/Modules/FindPackageHandleStandardArgs.cmake:438 (message):
[1.218s]   The package name passed to `find_package_handle_standard_args`
[1.218s]   (PCL_TRACKING) does not match the name of the calling package (PCL).  This
[1.218s]   can lead to problems in calling code that expects `find_package` result
[1.218s]   variables (e.g., `_FOUND`) to follow a certain pattern.
[1.218s] Call Stack (most recent call first):
[1.218s]   /usr/lib/x86_64-linux-gnu/cmake/pcl/PCLConfig.cmake:616 (find_package_handle_standard_args)
[1.218s]   CMakeLists.txt:226 (find_package)
[1.218s] This warning is for project developers.  Use -Wno-dev to suppress it.
[1.218s] [0m
[1.218s] -- looking for PCL_RECOGNITION
[1.218s] [33mCMake Warning (dev) at /usr/local/share/cmake-3.29/Modules/FindPackageHandleStandardArgs.cmake:438 (message):
[1.218s]   The package name passed to `find_package_handle_standard_args`
[1.219s]   (PCL_RECOGNITION) does not match the name of the calling package (PCL).
[1.219s]   This can lead to problems in calling code that expects `find_package`
[1.219s]   result variables (e.g., `_FOUND`) to follow a certain pattern.
[1.219s] Call Stack (most recent call first):
[1.219s]   /usr/lib/x86_64-linux-gnu/cmake/pcl/PCLConfig.cmake:616 (find_package_handle_standard_args)
[1.219s]   CMakeLists.txt:226 (find_package)
[1.219s] This warning is for project developers.  Use -Wno-dev to suppress it.
[1.219s] [0m
[1.219s] -- Found PCL_RECOGNITION: /usr/lib/x86_64-linux-gnu/libpcl_recognition.so
[1.219s] -- looking for PCL_STEREO
[1.219s] -- Found PCL_STEREO: /usr/lib/x86_64-linux-gnu/libpcl_stereo.so
[1.220s] [33mCMake Warning (dev) at /usr/local/share/cmake-3.29/Modules/FindPackageHandleStandardArgs.cmake:438 (message):
[1.220s]   The package name passed to `find_package_handle_standard_args` (PCL_STEREO)
[1.220s]   does not match the name of the calling package (PCL).  This can lead to
[1.220s]   problems in calling code that expects `find_package` result variables
[1.220s]   (e.g., `_FOUND`) to follow a certain pattern.
[1.220s] Call Stack (most recent call first):
[1.220s]   /usr/lib/x86_64-linux-gnu/cmake/pcl/PCLConfig.cmake:616 (find_package_handle_standard_args)
[1.220s]   CMakeLists.txt:226 (find_package)
[1.220s] This warning is for project developers.  Use -Wno-dev to suppress it.
[1.220s] [0m
[1.220s] -- looking for PCL_APPS
[1.220s] -- Found PCL_APPS: /usr/lib/x86_64-linux-gnu/libpcl_apps.so
[1.220s] [33mCMake Warning (dev) at /usr/local/share/cmake-3.29/Modules/FindPackageHandleStandardArgs.cmake:438 (message):
[1.220s]   The package name passed to `find_package_handle_standard_args` (PCL_APPS)
[1.220s]   does not match the name of the calling package (PCL).  This can lead to
[1.221s]   problems in calling code that expects `find_package` result variables
[1.221s]   (e.g., `_FOUND`) to follow a certain pattern.
[1.221s] Call Stack (most recent call first):
[1.221s]   /usr/lib/x86_64-linux-gnu/cmake/pcl/PCLConfig.cmake:616 (find_package_handle_standard_args)
[1.221s]   CMakeLists.txt:226 (find_package)
[1.221s] This warning is for project developers.  Use -Wno-dev to suppress it.
[1.221s] [0m
[1.221s] -- looking for PCL_IN_HAND_SCANNER
[1.221s] -- Found PCL_IN_HAND_SCANNER: /usr/include/pcl-1.10
[1.221s] [33mCMake Warning (dev) at /usr/local/share/cmake-3.29/Modules/FindPackageHandleStandardArgs.cmake:438 (message):
[1.221s]   The package name passed to `find_package_handle_standard_args`
[1.221s]   (PCL_IN_HAND_SCANNER) does not match the name of the calling package (PCL).
[1.221s]   This can lead to problems in calling code that expects `find_package`
[1.221s]   result variables (e.g., `_FOUND`) to follow a certain pattern.
[1.221s] Call Stack (most recent call first):
[1.221s]   /usr/lib/x86_64-linux-gnu/cmake/pcl/PCLConfig.cmake:619 (find_package_handle_standard_args)
[1.221s]   CMakeLists.txt:226 (find_package)
[1.221s] This warning is for project developers.  Use -Wno-dev to suppress it.
[1.222s] [0m
[1.222s] -- looking for PCL_POINT_CLOUD_EDITOR
[1.222s] [33mCMake Warning (dev) at /usr/local/share/cmake-3.29/Modules/FindPackageHandleStandardArgs.cmake:438 (message):
[1.222s]   The package name passed to `find_package_handle_standard_args`
[1.222s]   (PCL_POINT_CLOUD_EDITOR) does not match the name of the calling package
[1.222s]   (PCL).  This can lead to problems in calling code that expects
[1.222s]   `find_package` result variables (e.g., `_FOUND`) to follow a certain
[1.222s]   pattern.
[1.222s] Call Stack (most recent call first):
[1.222s]   /usr/lib/x86_64-linux-gnu/cmake/pcl/PCLConfig.cmake:619 (find_package_handle_standard_args)
[1.222s]   CMakeLists.txt:226 (find_package)
[1.222s] This warning is for project developers.  Use -Wno-dev to suppress it.
[1.222s] [0m
[1.222s] -- Found PCL_POINT_CLOUD_EDITOR: /usr/include/pcl-1.10
[1.222s] -- looking for PCL_OUTOFCORE
[1.222s] [33mCMake Warning (dev) at /usr/local/share/cmake-3.29/Modules/FindPackageHandleStandardArgs.cmake:438 (message):
[1.222s]   The package name passed to `find_package_handle_standard_args`
[1.222s]   (PCL_OUTOFCORE) does not match the name of the calling package (PCL).  This
[1.222s]   can lead to problems in calling code that expects `find_package` result
[1.222s]   variables (e.g., `_FOUND`) to follow a certain pattern.
[1.222s] Call Stack (most recent call first):
[1.223s]   /usr/lib/x86_64-linux-gnu/cmake/pcl/PCLConfig.cmake:616 (find_package_handle_standard_args)
[1.223s]   CMakeLists.txt:226 (find_package)
[1.223s] This warning is for project developers.  Use -Wno-dev to suppress it.
[1.223s] [0m
[1.223s] -- Found PCL_OUTOFCORE: /usr/lib/x86_64-linux-gnu/libpcl_outofcore.so
[1.223s] -- looking for PCL_PEOPLE
[1.223s] [33mCMake Warning (dev) at /usr/local/share/cmake-3.29/Modules/FindPackageHandleStandardArgs.cmake:438 (message):
[1.223s]   The package name passed to `find_package_handle_standard_args` (PCL_PEOPLE)
[1.223s]   does not match the name of the calling package (PCL).  This can lead to
[1.223s]   problems in calling code that expects `find_package` result variables
[1.223s]   (e.g., `_FOUND`) to follow a certain pattern.
[1.223s] Call Stack (most recent call first):
[1.224s]   /usr/lib/x86_64-linux-gnu/cmake/pcl/PCLConfig.cmake:616 (find_package_handle_standard_args)
[1.224s]   CMakeLists.txt:226 (find_package)
[1.224s] This warning is for project developers.  Use -Wno-dev to suppress it.
[1.224s] [0m
[1.224s] -- Found PCL_PEOPLE: /usr/lib/x86_64-linux-gnu/libpcl_people.so
[1.224s] -- Found PCL: pcl_common;pcl_kdtree;pcl_octree;pcl_search;pcl_sample_consensus;pcl_filters;pcl_io;pcl_features;pcl_ml;pcl_segmentation;pcl_visualization;pcl_surface;pcl_registration;pcl_keypoints;pcl_tracking;pcl_recognition;pcl_stereo;pcl_apps;pcl_outofcore;pcl_people;/usr/lib/x86_64-linux-gnu/libboost_system.so;/usr/lib/x86_64-linux-gnu/libboost_filesystem.so;/usr/lib/x86_64-linux-gnu/libboost_date_time.so;/usr/lib/x86_64-linux-gnu/libboost_iostreams.so;/usr/lib/x86_64-linux-gnu/libboost_regex.so;optimized;/usr/lib/x86_64-linux-gnu/libqhull.so;debug;/usr/lib/x86_64-linux-gnu/libqhull.so;/usr/lib/libOpenNI.so;/usr/lib/libOpenNI2.so;vtkChartsCore;vtkCommonColor;vtkCommonCore;vtksys;vtkCommonDataModel;vtkCommonMath;vtkCommonMisc;vtkCommonSystem;vtkCommonTransforms;vtkCommonExecutionModel;vtkFiltersGeneral;vtkCommonComputationalGeometry;vtkFiltersCore;vtkInfovisCore;vtkFiltersExtraction;vtkFiltersStatistics;vtkImagingFourier;vtkImagingCore;vtkalglib;vtkRenderingContext2D;vtkRenderingCore;vtkFiltersGeometry;vtkFiltersSources;vtkRenderingFreeType;/usr/lib/x86_64-linux-gnu/libfreetype.so;/usr/lib/x86_64-linux-gnu/libz.so;vtkFiltersModeling;vtkImagingSources;vtkInteractionStyle;vtkInteractionWidgets;vtkFiltersHybrid;vtkImagingColor;vtkImagingGeneral;vtkImagingHybrid;vtkIOImage;vtkDICOMParser;vtkmetaio;/usr/lib/x86_64-linux-gnu/libjpeg.so;/usr/lib/x86_64-linux-gnu/libpng.so;/usr/lib/x86_64-linux-gnu/libtiff.so;vtkRenderingAnnotation;vtkRenderingVolume;vtkIOXML;vtkIOCore;vtkIOXMLParser;/usr/lib/x86_64-linux-gnu/libexpat.so;vtkIOGeometry;vtkIOLegacy;vtkIOPLY;vtkRenderingLOD;vtkViewsContext2D;vtkViewsCore;vtkRenderingContextOpenGL2;vtkRenderingOpenGL2;FLANN::FLANN
[1.227s] -- Found PkgConfig: /usr/bin/pkg-config (found version "0.29.1")
[1.227s] -- Checking for module 'apr-1'
[1.229s] --   No package 'apr-1' found
[1.230s] [33mCMake Warning (dev) at /opt/ros/foxy/share/rosidl_adapter/cmake/rosidl_adapt_interfaces.cmake:40 (find_package):
[1.230s]   Policy CMP0148 is not set: The FindPythonInterp and FindPythonLibs modules
[1.230s]   are removed.  Run "cmake --help-policy CMP0148" for policy details.  Use
[1.230s]   the cmake_policy command to set the policy and suppress this warning.
[1.230s] 
[1.230s] Call Stack (most recent call first):
[1.230s]   /opt/ros/foxy/share/rosidl_cmake/cmake/rosidl_generate_interfaces.cmake:130 (rosidl_adapt_interfaces)
[1.231s]   CMakeLists.txt:241 (rosidl_generate_interfaces)
[1.231s] This warning is for project developers.  Use -Wno-dev to suppress it.
[1.231s] [0m
[1.239s] -- Found PythonInterp: /home/ethan/anaconda3/envs/yolov5/bin/python3 (found version "3.11.9")
[1.315s] -- Found ament_cmake_ros: 0.9.2 (/opt/ros/foxy/share/ament_cmake_ros/cmake)
[1.419s] -- Using all available rosidl_typesupport_c: rosidl_typesupport_fastrtps_c;rosidl_typesupport_introspection_c
[1.452s] -- Using all available rosidl_typesupport_cpp: rosidl_typesupport_fastrtps_cpp;rosidl_typesupport_introspection_cpp
[1.454s] [33mCMake Warning (dev) at /opt/ros/foxy/share/rosidl_generator_py/cmake/rosidl_generator_py_generate_interfaces.cmake:20 (find_package):
[1.454s]   Policy CMP0148 is not set: The FindPythonInterp and FindPythonLibs modules
[1.454s]   are removed.  Run "cmake --help-policy CMP0148" for policy details.  Use
[1.454s]   the cmake_policy command to set the policy and suppress this warning.
[1.454s] 
[1.454s] Call Stack (most recent call first):
[1.454s]   /opt/ros/foxy/share/ament_cmake_core/cmake/core/ament_execute_extensions.cmake:48 (include)
[1.454s]   /opt/ros/foxy/share/rosidl_cmake/cmake/rosidl_generate_interfaces.cmake:286 (ament_execute_extensions)
[1.454s]   CMakeLists.txt:241 (rosidl_generate_interfaces)
[1.454s] This warning is for project developers.  Use -Wno-dev to suppress it.
[1.454s] [0m
[1.463s] -- Found PythonInterp: /home/ethan/anaconda3/envs/yolov5/bin/python3 (found suitable version "3.11.9", minimum required is "3.5")
[1.464s] -- Found python_cmake_module: 0.8.1 (/opt/ros/foxy/share/python_cmake_module/cmake)
[1.465s] [33mCMake Warning (dev) at /opt/ros/foxy/share/python_cmake_module/cmake/Modules/FindPythonExtra.cmake:45 (find_package):
[1.465s]   Policy CMP0148 is not set: The FindPythonInterp and FindPythonLibs modules
[1.465s]   are removed.  Run "cmake --help-policy CMP0148" for policy details.  Use
[1.465s]   the cmake_policy command to set the policy and suppress this warning.
[1.465s] 
[1.465s] Call Stack (most recent call first):
[1.465s]   /opt/ros/foxy/share/rosidl_generator_py/cmake/rosidl_generator_py_generate_interfaces.cmake:23 (find_package)
[1.465s]   /opt/ros/foxy/share/ament_cmake_core/cmake/core/ament_execute_extensions.cmake:48 (include)
[1.465s]   /opt/ros/foxy/share/rosidl_cmake/cmake/rosidl_generate_interfaces.cmake:286 (ament_execute_extensions)
[1.465s]   CMakeLists.txt:241 (rosidl_generate_interfaces)
[1.465s] This warning is for project developers.  Use -Wno-dev to suppress it.
[1.465s] [0m
[1.473s] [33mCMake Warning (dev) at /opt/ros/foxy/share/python_cmake_module/cmake/Modules/FindPythonExtra.cmake:133 (find_package):
[1.473s]   Policy CMP0148 is not set: The FindPythonInterp and FindPythonLibs modules
[1.473s]   are removed.  Run "cmake --help-policy CMP0148" for policy details.  Use
[1.473s]   the cmake_policy command to set the policy and suppress this warning.
[1.473s] 
[1.473s] Call Stack (most recent call first):
[1.473s]   /opt/ros/foxy/share/rosidl_generator_py/cmake/rosidl_generator_py_generate_interfaces.cmake:23 (find_package)
[1.473s]   /opt/ros/foxy/share/ament_cmake_core/cmake/core/ament_execute_extensions.cmake:48 (include)
[1.473s]   /opt/ros/foxy/share/rosidl_cmake/cmake/rosidl_generate_interfaces.cmake:286 (ament_execute_extensions)
[1.473s]   CMakeLists.txt:241 (rosidl_generate_interfaces)
[1.473s] This warning is for project developers.  Use -Wno-dev to suppress it.
[1.473s] [0m
[1.477s] -- Found PythonLibs: /home/ethan/anaconda3/envs/yolov5/lib/libpython3.11.so (found suitable version "3.11.9", minimum required is "3.5")
[1.477s] -- Using PYTHON_EXECUTABLE: /home/ethan/anaconda3/envs/yolov5/bin/python3
[1.477s] -- Using PYTHON_INCLUDE_DIRS: /home/ethan/anaconda3/envs/yolov5/include/python3.11
[1.477s] -- Using PYTHON_LIBRARIES: /home/ethan/anaconda3/envs/yolov5/lib/libpython3.11.so
[1.486s] -- Found PythonExtra: .so
[1.742s] -- Using numpy include directory: /home/ethan/anaconda3/envs/yolov5/lib/python3.11/site-packages/numpy/core/include
[1.783s] -- Found ament_lint_auto: 0.9.8 (/opt/ros/foxy/share/ament_lint_auto/cmake)
[1.802s] -- Added test 'copyright' to check source files copyright and LICENSE
[1.809s] -- Added test 'cppcheck' to perform static code analysis on C / C++ code
[1.810s] -- Configured cppcheck include dirs: /home/ethan/ws_livox/src/livox_ros_driver2/3rdparty;/home/ethan/ws_livox/src/livox_ros_driver2/src
[1.810s] -- Configured cppcheck exclude dirs and/or files: 
[1.813s] -- Added test 'cpplint' to check C / C++ code against the Google style
[1.813s] -- Configured cpplint exclude dirs and/or files: 
[1.814s] -- Added test 'flake8' to check Python code syntax and style conventions
[1.815s] -- Added test 'lint_cmake' to check CMake code style
[1.815s] -- Added test 'pep257' to check Python code against some of the style conventions in PEP 257
[1.818s] -- Added test 'uncrustify' to check C / C++ code style
[1.818s] -- Configured uncrustify additional arguments: 
[1.819s] -- Added test 'xmllint' to check XML markup files
[1.821s] -- Configuring done (1.8s)
[1.917s] -- Generating done (0.1s)
[1.919s] -- Build files have been written to: /home/ethan/ws_livox/build/livox_ros_driver2
[1.930s] Invoked command in '/home/ethan/ws_livox/build/livox_ros_driver2' returned '0': CMAKE_PREFIX_PATH=/opt/ros/foxy CONDA_PROMPT_MODIFIER=(yolov5) /usr/local/bin/cmake /home/ethan/ws_livox/src/livox_ros_driver2 -DROS_EDITION=ROS2 -DHUMBLE_ROS= -DCMAKE_INSTALL_PREFIX=/home/ethan/ws_livox/install/livox_ros_driver2
[1.933s] Invoking command in '/home/ethan/ws_livox/build/livox_ros_driver2': CMAKE_PREFIX_PATH=/opt/ros/foxy CONDA_PROMPT_MODIFIER=(yolov5) /usr/local/bin/cmake --build /home/ethan/ws_livox/build/livox_ros_driver2 -- -j8 -l8
[1.948s] [  1%] [34m[1mGenerating C code for ROS interfaces[0m
[1.951s] [  3%] [34m[1mGenerating C++ code for ROS interfaces[0m
[1.951s] [  5%] [32mBuilding CXX object CMakeFiles/livox_ros_driver2_node.dir/rclcpp_components/node_main_livox_ros_driver2_node.cpp.o[0m
[1.982s] Traceback (most recent call last):
[1.982s]   File "/opt/ros/foxy/share/rosidl_generator_c/cmake/../../../lib/rosidl_generator_c/rosidl_generator_c", line 8, in <module>
[1.982s]     from rosidl_generator_c import generate_c
[1.982s]   File "/opt/ros/foxy/lib/python3.8/site-packages/rosidl_generator_c/__init__.py", line 15, in <module>
[1.982s]     from rosidl_cmake import convert_camel_case_to_lower_case_underscore
[1.982s]   File "/opt/ros/foxy/lib/python3.8/site-packages/rosidl_cmake/__init__.py", line 24, in <module>
[1.982s]     from rosidl_parser.parser import parse_idl_file
[1.982s]   File "/opt/ros/foxy/lib/python3.8/site-packages/rosidl_parser/parser.py", line 20, in <module>
[1.982s]     from lark import Lark
[1.982s] ModuleNotFoundError: No module named 'lark'
[1.983s] Traceback (most recent call last):
[1.983s]   File "/opt/ros/foxy/share/rosidl_generator_cpp/cmake/../../../lib/rosidl_generator_cpp/rosidl_generator_cpp", line 8, in <module>
[1.983s]     from rosidl_generator_cpp import generate_cpp
[1.983s]   File "/opt/ros/foxy/lib/python3.8/site-packages/rosidl_generator_cpp/__init__.py", line 17, in <module>
[1.983s]     from rosidl_cmake import generate_files
[1.983s]   File "/opt/ros/foxy/lib/python3.8/site-packages/rosidl_cmake/__init__.py", line 24, in <module>
[1.983s]     from rosidl_parser.parser import parse_idl_file
[1.983s]   File "/opt/ros/foxy/lib/python3.8/site-packages/rosidl_parser/parser.py", line 20, in <module>
[1.983s]     from lark import Lark
[1.983s] ModuleNotFoundError: No module named 'lark'
[1.988s] make[2]: *** [CMakeFiles/livox_interfaces2__rosidl_generator_c.dir/build.make:120Ôºörosidl_generator_c/livox_ros_driver2/msg/custom_point.h] ÈîôËØØ 1
[1.988s] make[1]: *** [CMakeFiles/Makefile2:213ÔºöCMakeFiles/livox_interfaces2__rosidl_generator_c.dir/all] ÈîôËØØ 2
[1.988s] make[1]: *** Ê≠£Âú®Á≠âÂæÖÊú™ÂÆåÊàêÁöÑ‰ªªÂä°....
[1.988s] make[2]: *** [CMakeFiles/livox_interfaces2__cpp.dir/build.make:135Ôºörosidl_generator_cpp/livox_ros_driver2/msg/custom_point.hpp] ÈîôËØØ 1
[1.988s] make[1]: *** [CMakeFiles/Makefile2:346ÔºöCMakeFiles/livox_interfaces2__cpp.dir/all] ÈîôËØØ 2
[3.258s] [  7%] [32m[1mLinking CXX executable livox_ros_driver2_node[0m
[3.345s] [  7%] Built target livox_ros_driver2_node
[3.346s] make: *** [Makefile:146Ôºöall] ÈîôËØØ 2
[3.348s] Invoked command in '/home/ethan/ws_livox/build/livox_ros_driver2' returned '2': CMAKE_PREFIX_PATH=/opt/ros/foxy CONDA_PROMPT_MODIFIER=(yolov5) /usr/local/bin/cmake --build /home/ethan/ws_livox/build/livox_ros_driver2 -- -j8 -l8
